<?xml version="1.0" encoding="UTF-8"?>
<!-- Generated by org.testng.reporters.JUnitReportReporter -->
<testsuite hostname="QSP" failures="0" tests="1" name="scripts.AddingProductCart" time="12.536" errors="0" timestamp="2021-07-30T18:33:14 IST" skipped="0">
  <testcase classname="scripts.AddingProductCart" name="tc1" time="12.536"/>
</testsuite> <!-- scripts.AddingProductCart -->
