<?xml version="1.0" encoding="UTF-8"?>
<!-- Generated by org.testng.reporters.JUnitReportReporter -->
<testsuite hostname="QSP" failures="0" tests="1" name="scripts.FacebookLike" time="19.539" errors="0" timestamp="2021-07-30T18:33:14 IST" skipped="0">
  <testcase classname="scripts.FacebookLike" name="tc2" time="19.539"/>
</testsuite> <!-- scripts.FacebookLike -->
